<?xml version="1.0" encoding="UTF-8"?>
<testsuite xmlns:xsi="http://www.w3.org/2001/XMLSchema-instance" xsi:noNamespaceSchemaLocation="https://maven.apache.org/surefire/maven-surefire-plugin/xsd/surefire-test-report.xsd" name="TestSuite" time="40.021" tests="1" errors="0" skipped="0" failures="0">
  <properties>
    <property name="sun.desktop" value="windows"/>
    <property name="awt.toolkit" value="sun.awt.windows.WToolkit"/>
    <property name="file.encoding.pkg" value="sun.io"/>
    <property name="java.specification.version" value="1.8"/>
    <property name="sun.cpu.isalist" value="amd64"/>
    <property name="sun.jnu.encoding" value="GBK"/>
    <property name="java.class.path" value="C:\Users\Administrator\IdeaProjects\testng\target\test-classes;C:\Users\Administrator\IdeaProjects\testng\target\classes;D:\mavenRepository\org\testng\testng\7.0.0-beta1\testng-7.0.0-beta1.jar;D:\mavenRepository\com\beust\jcommander\1.72\jcommander-1.72.jar;D:\mavenRepository\org\seleniumhq\selenium\selenium-java\3.14.0\selenium-java-3.14.0.jar;D:\mavenRepository\org\seleniumhq\selenium\selenium-api\3.14.0\selenium-api-3.14.0.jar;D:\mavenRepository\org\seleniumhq\selenium\selenium-chrome-driver\3.14.0\selenium-chrome-driver-3.14.0.jar;D:\mavenRepository\org\seleniumhq\selenium\selenium-edge-driver\3.14.0\selenium-edge-driver-3.14.0.jar;D:\mavenRepository\org\seleniumhq\selenium\selenium-firefox-driver\3.14.0\selenium-firefox-driver-3.14.0.jar;D:\mavenRepository\org\seleniumhq\selenium\selenium-ie-driver\3.14.0\selenium-ie-driver-3.14.0.jar;D:\mavenRepository\org\seleniumhq\selenium\selenium-opera-driver\3.14.0\selenium-opera-driver-3.14.0.jar;D:\mavenRepository\org\seleniumhq\selenium\selenium-remote-driver\3.14.0\selenium-remote-driver-3.14.0.jar;D:\mavenRepository\org\seleniumhq\selenium\selenium-safari-driver\3.14.0\selenium-safari-driver-3.14.0.jar;D:\mavenRepository\org\seleniumhq\selenium\selenium-support\3.14.0\selenium-support-3.14.0.jar;D:\mavenRepository\net\bytebuddy\byte-buddy\1.8.15\byte-buddy-1.8.15.jar;D:\mavenRepository\org\apache\commons\commons-exec\1.3\commons-exec-1.3.jar;D:\mavenRepository\commons-codec\commons-codec\1.10\commons-codec-1.10.jar;D:\mavenRepository\commons-logging\commons-logging\1.2\commons-logging-1.2.jar;D:\mavenRepository\com\google\guava\guava\25.0-jre\guava-25.0-jre.jar;D:\mavenRepository\com\google\code\findbugs\jsr305\1.3.9\jsr305-1.3.9.jar;D:\mavenRepository\org\checkerframework\checker-compat-qual\2.0.0\checker-compat-qual-2.0.0.jar;D:\mavenRepository\com\google\errorprone\error_prone_annotations\2.1.3\error_prone_annotations-2.1.3.jar;D:\mavenRepository\com\google\j2objc\j2objc-annotations\1.1\j2objc-annotations-1.1.jar;D:\mavenRepository\org\codehaus\mojo\animal-sniffer-annotations\1.14\animal-sniffer-annotations-1.14.jar;D:\mavenRepository\org\apache\httpcomponents\httpclient\4.5.5\httpclient-4.5.5.jar;D:\mavenRepository\org\apache\httpcomponents\httpcore\4.4.9\httpcore-4.4.9.jar;D:\mavenRepository\com\squareup\okhttp3\okhttp\3.10.0\okhttp-3.10.0.jar;D:\mavenRepository\com\squareup\okio\okio\1.14.1\okio-1.14.1.jar;D:\mavenRepository\org\uncommons\reportng\1.1.4\reportng-1.1.4.jar;D:\mavenRepository\velocity\velocity\1.4\velocity-1.4.jar;D:\mavenRepository\velocity\velocity-dep\1.4\velocity-dep-1.4.jar;D:\mavenRepository\com\google\code\gson\gson\2.8.5\gson-2.8.5.jar;D:\mavenRepository\org\apache\maven\surefire\surefire-testng-utils\2.22.0\surefire-testng-utils-2.22.0.jar;D:\mavenRepository\org\apache\maven\surefire\surefire-grouper\2.22.0\surefire-grouper-2.22.0.jar;"/>
    <property name="java.vm.vendor" value="Oracle Corporation"/>
    <property name="sun.arch.data.model" value="64"/>
    <property name="user.variant" value=""/>
    <property name="java.vendor.url" value="http://java.oracle.com/"/>
    <property name="user.timezone" value="Asia/Shanghai"/>
    <property name="java.vm.specification.version" value="1.8"/>
    <property name="os.name" value="Windows 7"/>
    <property name="user.country" value="CN"/>
    <property name="sun.java.launcher" value="SUN_STANDARD"/>
    <property name="sun.boot.library.path" value="C:\Program Files\Java\jdk1.8.0_102\jre\bin"/>
    <property name="sun.java.command" value="C:\Users\ADMINI~1\AppData\Local\Temp\surefire75312562580808886\surefirebooter4339267369326305774.jar C:\Users\Administrator\AppData\Local\Temp\surefire75312562580808886 2019-05-04T15-51-51_783-jvmRun1 surefire5224414551832059932tmp surefire_04524905182828222934tmp"/>
    <property name="surefire.test.class.path" value="C:\Users\Administrator\IdeaProjects\testng\target\test-classes;C:\Users\Administrator\IdeaProjects\testng\target\classes;D:\mavenRepository\org\testng\testng\7.0.0-beta1\testng-7.0.0-beta1.jar;D:\mavenRepository\com\beust\jcommander\1.72\jcommander-1.72.jar;D:\mavenRepository\org\seleniumhq\selenium\selenium-java\3.14.0\selenium-java-3.14.0.jar;D:\mavenRepository\org\seleniumhq\selenium\selenium-api\3.14.0\selenium-api-3.14.0.jar;D:\mavenRepository\org\seleniumhq\selenium\selenium-chrome-driver\3.14.0\selenium-chrome-driver-3.14.0.jar;D:\mavenRepository\org\seleniumhq\selenium\selenium-edge-driver\3.14.0\selenium-edge-driver-3.14.0.jar;D:\mavenRepository\org\seleniumhq\selenium\selenium-firefox-driver\3.14.0\selenium-firefox-driver-3.14.0.jar;D:\mavenRepository\org\seleniumhq\selenium\selenium-ie-driver\3.14.0\selenium-ie-driver-3.14.0.jar;D:\mavenRepository\org\seleniumhq\selenium\selenium-opera-driver\3.14.0\selenium-opera-driver-3.14.0.jar;D:\mavenRepository\org\seleniumhq\selenium\selenium-remote-driver\3.14.0\selenium-remote-driver-3.14.0.jar;D:\mavenRepository\org\seleniumhq\selenium\selenium-safari-driver\3.14.0\selenium-safari-driver-3.14.0.jar;D:\mavenRepository\org\seleniumhq\selenium\selenium-support\3.14.0\selenium-support-3.14.0.jar;D:\mavenRepository\net\bytebuddy\byte-buddy\1.8.15\byte-buddy-1.8.15.jar;D:\mavenRepository\org\apache\commons\commons-exec\1.3\commons-exec-1.3.jar;D:\mavenRepository\commons-codec\commons-codec\1.10\commons-codec-1.10.jar;D:\mavenRepository\commons-logging\commons-logging\1.2\commons-logging-1.2.jar;D:\mavenRepository\com\google\guava\guava\25.0-jre\guava-25.0-jre.jar;D:\mavenRepository\com\google\code\findbugs\jsr305\1.3.9\jsr305-1.3.9.jar;D:\mavenRepository\org\checkerframework\checker-compat-qual\2.0.0\checker-compat-qual-2.0.0.jar;D:\mavenRepository\com\google\errorprone\error_prone_annotations\2.1.3\error_prone_annotations-2.1.3.jar;D:\mavenRepository\com\google\j2objc\j2objc-annotations\1.1\j2objc-annotations-1.1.jar;D:\mavenRepository\org\codehaus\mojo\animal-sniffer-annotations\1.14\animal-sniffer-annotations-1.14.jar;D:\mavenRepository\org\apache\httpcomponents\httpclient\4.5.5\httpclient-4.5.5.jar;D:\mavenRepository\org\apache\httpcomponents\httpcore\4.4.9\httpcore-4.4.9.jar;D:\mavenRepository\com\squareup\okhttp3\okhttp\3.10.0\okhttp-3.10.0.jar;D:\mavenRepository\com\squareup\okio\okio\1.14.1\okio-1.14.1.jar;D:\mavenRepository\org\uncommons\reportng\1.1.4\reportng-1.1.4.jar;D:\mavenRepository\velocity\velocity\1.4\velocity-1.4.jar;D:\mavenRepository\velocity\velocity-dep\1.4\velocity-dep-1.4.jar;D:\mavenRepository\com\google\code\gson\gson\2.8.5\gson-2.8.5.jar;D:\mavenRepository\org\apache\maven\surefire\surefire-testng-utils\2.22.0\surefire-testng-utils-2.22.0.jar;D:\mavenRepository\org\apache\maven\surefire\surefire-grouper\2.22.0\surefire-grouper-2.22.0.jar;"/>
    <property name="sun.cpu.endian" value="little"/>
    <property name="user.home" value="C:\Users\Administrator"/>
    <property name="user.language" value="zh"/>
    <property name="java.specification.vendor" value="Oracle Corporation"/>
    <property name="java.home" value="C:\Program Files\Java\jdk1.8.0_102\jre"/>
    <property name="basedir" value="C:\Users\Administrator\IdeaProjects\testng"/>
    <property name="file.separator" value="\"/>
    <property name="line.separator" value="&#10;"/>
    <property name="java.vm.specification.vendor" value="Oracle Corporation"/>
    <property name="java.specification.name" value="Java Platform API Specification"/>
    <property name="java.awt.graphicsenv" value="sun.awt.Win32GraphicsEnvironment"/>
    <property name="surefire.real.class.path" value="C:\Users\ADMINI~1\AppData\Local\Temp\surefire75312562580808886\surefirebooter4339267369326305774.jar"/>
    <property name="sun.boot.class.path" value="C:\Program Files\Java\jdk1.8.0_102\jre\lib\resources.jar;C:\Program Files\Java\jdk1.8.0_102\jre\lib\rt.jar;C:\Program Files\Java\jdk1.8.0_102\jre\lib\sunrsasign.jar;C:\Program Files\Java\jdk1.8.0_102\jre\lib\jsse.jar;C:\Program Files\Java\jdk1.8.0_102\jre\lib\jce.jar;C:\Program Files\Java\jdk1.8.0_102\jre\lib\charsets.jar;C:\Program Files\Java\jdk1.8.0_102\jre\lib\jfr.jar;C:\Program Files\Java\jdk1.8.0_102\jre\classes"/>
    <property name="user.script" value=""/>
    <property name="sun.management.compiler" value="HotSpot 64-Bit Tiered Compilers"/>
    <property name="java.runtime.version" value="1.8.0_102-b14"/>
    <property name="user.name" value="Administrator"/>
    <property name="path.separator" value=";"/>
    <property name="os.version" value="6.1"/>
    <property name="java.endorsed.dirs" value="C:\Program Files\Java\jdk1.8.0_102\jre\lib\endorsed"/>
    <property name="java.runtime.name" value="Java(TM) SE Runtime Environment"/>
    <property name="file.encoding" value="UTF-8"/>
    <property name="java.vm.name" value="Java HotSpot(TM) 64-Bit Server VM"/>
    <property name="localRepository" value="D:\mavenRepository"/>
    <property name="java.vendor.url.bug" value="http://bugreport.sun.com/bugreport/"/>
    <property name="java.io.tmpdir" value="C:\Users\ADMINI~1\AppData\Local\Temp\"/>
    <property name="java.version" value="1.8.0_102"/>
    <property name="user.dir" value="C:\Users\Administrator\IdeaProjects\testng"/>
    <property name="os.arch" value="amd64"/>
    <property name="java.vm.specification.name" value="Java Virtual Machine Specification"/>
    <property name="java.awt.printerjob" value="sun.awt.windows.WPrinterJob"/>
    <property name="sun.os.patch.level" value="Service Pack 1"/>
    <property name="java.library.path" value="C:\Program Files\Java\jdk1.8.0_102\jre\bin;C:\Windows\Sun\Java\bin;C:\Windows\system32;C:\Windows;C:\ProgramData\Oracle\Java\javapath;C:\Windows\system32;C:\Windows;C:\Windows\System32\Wbem;C:\Windows\System32\WindowsPowerShell\v1.0\;C:\Program Files\Java\jdk1.8.0_102\bin;C:\Program Files\Java\jdk1.8.0_102\jre\bin;D:\apache-maven-3.3.9\bin\;C:\Users\Administrator\AppData\Local\Google\Chrome\Application;E:\phantomjs-2.1.1-windows\bin;D:\SVN\bin;C:\Program Files\Git\cmd;."/>
    <property name="java.vm.info" value="mixed mode"/>
    <property name="java.vendor" value="Oracle Corporation"/>
    <property name="java.vm.version" value="25.102-b14"/>
    <property name="java.ext.dirs" value="C:\Program Files\Java\jdk1.8.0_102\jre\lib\ext;C:\Windows\Sun\Java\lib\ext"/>
    <property name="sun.io.unicode.encoding" value="UnicodeLittle"/>
    <property name="java.class.version" value="52.0"/>
  </properties>
  <testcase name="test" classname="OpenBroswerTest" time="36.019"/>
</testsuite>