<?xml version="1.0" encoding="UTF-8"?>
<!-- Generated by org.testng.reporters.JUnitReportReporter -->
<testsuite skipped="0" hostname="PC201812121338" name="OpenBroswerTest" tests="1" failures="0" timestamp="2019-05-04T15:52:35 CST" time="36.010" errors="0">
  <testcase name="test" time="36.010" classname="OpenBroswerTest"/>
</testsuite> <!-- OpenBroswerTest -->
